Running Sphinx v8.2.3
loading translations [en]... done
making output directory... done
checking bibtex cache... out of date
parsing bibtex file /Users/joseparreiras/Library/CloudStorage/Dropbox/[2] Work/[21] GitHub Repositories/psytest/docs/refs.bib... parsed 2 entries
loading intersphinx inventory 'python' from https://docs.python.org/3/objects.inv ...
loading intersphinx inventory 'pandas' from https://pandas.pydata.org/pandas-docs/stable/objects.inv ...
loading intersphinx inventory 'numpy' from https://numpy.org/doc/stable/objects.inv ...
building [mo]: targets for 0 po files that are out of date
writing output... 
building [html]: targets for 12 source files that are out of date
updating environment: [new config] 12 added, 0 changed, 0 removed
reading sources... [  8%] index
reading sources... [ 17%] modules
reading sources... [ 25%] psytest
reading sources... [ 33%] psytest.adftest
reading sources... [ 42%] psytest.bubbles
reading sources... [ 50%] psytest.critval
reading sources... [ 58%] psytest.critval.critval
reading sources... [ 67%] psytest.critval.critval_parameters
reading sources... [ 75%] psytest.sadftest
reading sources... [ 83%] psytest.utils
reading sources... [ 92%] psytest.utils.defaults
reading sources... [100%] psytest.utils.functions

looking for now-outdated files... none found
pickling environment... done
checking consistency... done
preparing documents... done
copying assets... 
copying static files... 
Writing evaluated template result to /Users/joseparreiras/Library/CloudStorage/Dropbox/[2] Work/[21] GitHub Repositories/psytest/docs/_build/html/_static/basic.css
Writing evaluated template result to /Users/joseparreiras/Library/CloudStorage/Dropbox/[2] Work/[21] GitHub Repositories/psytest/docs/_build/html/_static/language_data.js
Writing evaluated template result to /Users/joseparreiras/Library/CloudStorage/Dropbox/[2] Work/[21] GitHub Repositories/psytest/docs/_build/html/_static/documentation_options.js
copying static files: done
copying extra files... 
copying extra files: done
copying assets: done
writing output... [  8%] index
writing output... [ 17%] modules
writing output... [ 25%] psytest
writing output... [ 33%] psytest.adftest
writing output... [ 42%] psytest.bubbles
writing output... [ 50%] psytest.critval
writing output... [ 58%] psytest.critval.critval
writing output... [ 67%] psytest.critval.critval_parameters
writing output... [ 75%] psytest.sadftest
writing output... [ 83%] psytest.utils
writing output... [ 92%] psytest.utils.defaults
writing output... [100%] psytest.utils.functions

generating indices... genindex py-modindex done
highlighting module code... [ 33%] psytest.bubbles
highlighting module code... [ 67%] psytest.critval.critval
highlighting module code... [100%] psytest.critval.critval_parameters

writing additional pages... search done
copying images... [100%] _static/bubbles.gif

dumping search index in English (code: en)... done
dumping object inventory... done
The name of the builder is: htmlCopying sphinx_paramlinks stylesheet... done
build finished with problems, 24 warnings (with warnings treated as errors).
